<?xml version="1.0" encoding="UTF-8"?>
<testng-results ignored="0" total="1" passed="1" failed="0" skipped="0">
  <reporter-output>
  </reporter-output>
  <suite started-at="2024-08-30T15:56:26 IST" name="Surefire suite" finished-at="2024-08-30T15:57:33 IST" duration-ms="67098">
    <groups>
    </groups>
    <test started-at="2024-08-30T15:56:26 IST" name="Surefire test" finished-at="2024-08-30T15:57:33 IST" duration-ms="67098">
      <class name="naaptolPOM.TestCases">
        <test-method is-config="true" signature="setUp()[pri:0, instance:naaptolPOM.TestCases@708f5957]" started-at="2024-08-30T15:56:26 IST" name="setUp" finished-at="2024-08-30T15:56:33 IST" duration-ms="7124" status="PASS">
          <reporter-output>
          </reporter-output>
        </test-method> <!-- setUp -->
        <test-method signature="testNavigateToHomeLinenAndFurniture()[pri:0, instance:naaptolPOM.TestCases@708f5957]" started-at="2024-08-30T15:56:33 IST" name="testNavigateToHomeLinenAndFurniture" finished-at="2024-08-30T15:57:30 IST" duration-ms="57067" status="PASS">
          <reporter-output>
          </reporter-output>
        </test-method> <!-- testNavigateToHomeLinenAndFurniture -->
        <test-method is-config="true" signature="tearDown()[pri:0, instance:naaptolPOM.TestCases@708f5957]" started-at="2024-08-30T15:57:30 IST" name="tearDown" finished-at="2024-08-30T15:57:33 IST" duration-ms="2798" status="PASS">
          <reporter-output>
          </reporter-output>
        </test-method> <!-- tearDown -->
      </class> <!-- naaptolPOM.TestCases -->
    </test> <!-- Surefire test -->
  </suite> <!-- Surefire suite -->
</testng-results>
