<?xml version="1.0" encoding="UTF-8"?>
<testng-results ignored="0" total="1" passed="1" failed="0" skipped="0">
  <reporter-output>
  </reporter-output>
  <suite started-at="2024-08-31T16:16:52 IST" name="Default suite" finished-at="2024-08-31T16:18:15 IST" duration-ms="82734">
    <groups>
    </groups>
    <test started-at="2024-08-31T16:16:52 IST" name="Default test" finished-at="2024-08-31T16:18:15 IST" duration-ms="82734">
      <class name="naaptolPOM.TestCases">
        <test-method is-config="true" signature="setUp()[pri:0, instance:naaptolPOM.TestCases@c430e6c]" started-at="2024-08-31T16:16:52 IST" name="setUp" finished-at="2024-08-31T16:17:01 IST" duration-ms="9126" status="PASS">
          <reporter-output>
          </reporter-output>
        </test-method> <!-- setUp -->
        <test-method signature="testNavigateToHomeLinenAndFurniture()[pri:0, instance:naaptolPOM.TestCases@c430e6c]" started-at="2024-08-31T16:17:01 IST" name="testNavigateToHomeLinenAndFurniture" finished-at="2024-08-31T16:18:13 IST" duration-ms="72047" status="PASS">
          <reporter-output>
          </reporter-output>
        </test-method> <!-- testNavigateToHomeLinenAndFurniture -->
        <test-method is-config="true" signature="tearDown()[pri:0, instance:naaptolPOM.TestCases@c430e6c]" started-at="2024-08-31T16:18:13 IST" name="tearDown" finished-at="2024-08-31T16:18:15 IST" duration-ms="1444" status="PASS">
          <reporter-output>
          </reporter-output>
        </test-method> <!-- tearDown -->
      </class> <!-- naaptolPOM.TestCases -->
    </test> <!-- Default test -->
  </suite> <!-- Default suite -->
</testng-results>
